c:\users\joe\desktop\killer_base_[unknowncheats.me]_\killer base\build\intermediate\debug\vc141.pdb
c:\users\joe\desktop\killer_base_[unknowncheats.me]_\killer base\build\intermediate\debug\vc141.idb
c:\users\joe\desktop\killer_base_[unknowncheats.me]_\killer base\build\intermediate\debug\killerbase.obj
c:\users\joe\desktop\killer_base_[unknowncheats.me]_\killer base\build\intermediate\debug\joedev omafick.pch
c:\users\joe\desktop\killer_base_[unknowncheats.me]_\killer base\build\intermediate\debug\stdafx.obj
c:\users\joe\desktop\killer_base_[unknowncheats.me]_\killer base\build\intermediate\debug\keyboard.obj
c:\users\joe\desktop\killer_base_[unknowncheats.me]_\killer base\build\intermediate\debug\nativeinvoker.obj
c:\users\joe\desktop\killer_base_[unknowncheats.me]_\killer base\build\intermediate\debug\memory.obj
c:\users\joe\desktop\killer_base_[unknowncheats.me]_\killer base\build\intermediate\debug\log.obj
c:\users\joe\desktop\killer_base_[unknowncheats.me]_\killer base\build\intermediate\debug\interface.obj
c:\users\joe\desktop\killer_base_[unknowncheats.me]_\killer base\build\intermediate\debug\inputhook.obj
c:\users\joe\desktop\killer_base_[unknowncheats.me]_\killer base\build\intermediate\debug\hooking.obj
c:\users\joe\desktop\killer_base_[unknowncheats.me]_\killer base\build\intermediate\debug\functions.obj
c:\users\joe\desktop\killer_base_[unknowncheats.me]_\killer base\build\intermediate\debug\features.obj
c:\users\joe\desktop\killer_base_[unknowncheats.me]_\killer base\build\intermediate\debug\crossmapping.obj
c:\users\joe\desktop\killer_base_[unknowncheats.me]_\killer base\build\intermediate\debug\dllmain.obj
c:\users\joe\desktop\killer_base_[unknowncheats.me]_\killer base\build\debug\joedev omafick.pdb
c:\users\joe\desktop\killer_base_[unknowncheats.me]_\killer base\build\intermediate\debug\joedev omafick.tlog\cl.command.1.tlog
c:\users\joe\desktop\killer_base_[unknowncheats.me]_\killer base\build\intermediate\debug\joedev omafick.tlog\cl.read.1.tlog
c:\users\joe\desktop\killer_base_[unknowncheats.me]_\killer base\build\intermediate\debug\joedev omafick.tlog\cl.write.1.tlog
c:\users\joe\desktop\killer_base_[unknowncheats.me]_\killer base\build\intermediate\debug\joedev omafick.tlog\link-cvtres.read.1.tlog
c:\users\joe\desktop\killer_base_[unknowncheats.me]_\killer base\build\intermediate\debug\joedev omafick.tlog\link-cvtres.write.1.tlog
c:\users\joe\desktop\killer_base_[unknowncheats.me]_\killer base\build\intermediate\debug\joedev omafick.tlog\link-rc.read.1.tlog
c:\users\joe\desktop\killer_base_[unknowncheats.me]_\killer base\build\intermediate\debug\joedev omafick.tlog\link-rc.write.1.tlog
c:\users\joe\desktop\killer_base_[unknowncheats.me]_\killer base\build\intermediate\debug\joedev omafick.tlog\link.command.1.tlog
c:\users\joe\desktop\killer_base_[unknowncheats.me]_\killer base\build\intermediate\debug\joedev omafick.tlog\link.read.1.tlog
c:\users\joe\desktop\killer_base_[unknowncheats.me]_\killer base\build\intermediate\debug\joedev omafick.tlog\link.write.1.tlog
