C:\Program Files (x86)\Microsoft Visual Studio\2017\Community\Common7\IDE\VC\VCTargets\Microsoft.CppBuild.targets(391,5): warning MSB8028: Das Zwischenverzeichnis (C:\Users\kevin\source\repos\GTA-Crippler\Build\Intermediate\Debug\) enthält freigegebene Dateien aus einem anderen Projekt (JoeDev OmaFick.vcxproj). Dies kann zu einem falschen Bereinigungs- und Neuerstellungsverhalten führen.
  stdafx.cpp
c:\users\kevin\source\repos\gta-crippler\source\hooking.h(48): warning C4244: "=": Konvertierung von "uintptr_t" in "DWORD", möglicher Datenverlust
c:\users\kevin\source\repos\gta-crippler\source\hooking.h(58): warning C4244: "return": Konvertierung von "uintptr_t" in "uint32_t", möglicher Datenverlust
c:\users\kevin\source\repos\gta-crippler\source\hooking.h(71): warning C4244: "=": Konvertierung von "uintptr_t" in "DWORD", möglicher Datenverlust
  CrossMapping.cpp
  Features.cpp
c:\users\kevin\source\repos\gta-crippler\source\features.cpp(72): warning C4244: "Initialisierung": Konvertierung von "double" in "float", möglicher Datenverlust
c:\users\kevin\source\repos\gta-crippler\source\features.cpp(97): warning C4244: "Initialisierung": Konvertierung von "double" in "float", möglicher Datenverlust
  Functions.cpp
  Hooking.cpp
  InputHook.cpp
  keyboard.cpp
  Log.cpp
  Memory.cpp
  Interface.cpp
c:\users\kevin\source\repos\gta-crippler\source\interface.cpp(639): warning C4018: ">": Konflikt zwischen "signed" und "unsigned"
c:\users\kevin\source\repos\gta-crippler\source\interface.cpp(640): warning C4018: ">": Konflikt zwischen "signed" und "unsigned"
c:\users\kevin\source\repos\gta-crippler\source\interface.cpp(641): warning C4018: ">": Konflikt zwischen "signed" und "unsigned"
  NativeInvoker.cpp
  KillerBase.cpp
c:\users\kevin\source\repos\gta-crippler\source\killerbase.cpp(13): warning C4244: "return": Konvertierung von "double" in "int", möglicher Datenverlust
  Code wird generiert...
  dllmain.cpp
c:\users\kevin\source\repos\gta-crippler\source\hooking.h(48): warning C4244: "=": Konvertierung von "uintptr_t" in "DWORD", möglicher Datenverlust
c:\users\kevin\source\repos\gta-crippler\source\hooking.h(58): warning C4244: "return": Konvertierung von "uintptr_t" in "uint32_t", möglicher Datenverlust
c:\users\kevin\source\repos\gta-crippler\source\hooking.h(71): warning C4244: "=": Konvertierung von "uintptr_t" in "DWORD", möglicher Datenverlust
  SudoMod.vcxproj -> C:\Users\kevin\source\repos\GTA-Crippler\Build\Debug\GTA-Crippler.dll
